#
# A fatal error has been detected by the Java Runtime Environment:
#
#  EXCEPTION_ACCESS_VIOLATION (0xc0000005) at pc=0x000001422223fecf, pid=18852, tid=17368
#
# JRE version: Java(TM) SE Runtime Environment (18.0.1.1+2) (build 18.0.1.1+2-6)
# Java VM: Java HotSpot(TM) 64-Bit Server VM (18.0.1.1+2-6, mixed mode, sharing, tiered, compressed oops, compressed class ptrs, g1 gc, windows-amd64)
# Problematic frame:
# C  0x000001422223fecf
#
# No core dump will be written. Minidumps are not enabled by default on client versions of Windows
#
# If you would like to submit a bug report, please visit:
#   https://bugreport.java.com/bugreport/crash.jsp
#

---------------  S U M M A R Y ------------

Command Line: -Dfile.encoding=UTF-8 -Djava.library.path=C:\Users\Aidan\Documents\lwjgl-2.9.2\lwjgl-2.9.2\native\windows --module-path=C:\Users\Aidan\Documents\NetBeansProjects\CS4450-Final-Project\build\classes finalprogram.FinalProgram

Host: Intel(R) Core(TM) i5-9300H CPU @ 2.40GHz, 8 cores, 31G,  Windows 10 , 64 bit Build 19041 (10.0.19041.3636)
Time: Mon Dec  4 19:46:45 2023 Pacific Standard Time elapsed time: 4.672480 seconds (0d 0h 0m 4s)

---------------  T H R E A D  ---------------

Current thread is native thread

Stack: [0x0000000ce8d00000,0x0000000ce8e00000],  sp=0x0000000ce8dfdb70,  free space=1014k
Native frames: (J=compiled Java code, j=interpreted, Vv=VM code, C=native code)
C  0x000001422223fecf


siginfo: EXCEPTION_ACCESS_VIOLATION (0xc0000005), reading address 0x0000000000000000


Registers:
RAX=0x00000142f1110800, RBX=0x000001421fe80000, RCX=0x0000000000000000, RDX=0x000000000009e340
RSP=0x0000000ce8dfdb70, RBP=0x000000003f800000, RSI=0x0000000000000000, RDI=0x000000003f800000
R8 =0x0000000000000000, R9 =0x000000000009e340, R10=0x000001421b9f8460, R11=0x0000000000000000
R12=0x0000000000000000, R13=0x0000000000000000, R14=0x0000000000000007, R15=0x00000142f1110800
RIP=0x000001422223fecf, EFLAGS=0x0000000000010202

Top of Stack: (sp=0x0000000ce8dfdb70)
0x0000000ce8dfdb70:   0000014200000000 0000000000000000
0x0000000ce8dfdb80:   000000000009e340 000001421fe80000
0x0000000ce8dfdb90:   000001421b9f8460 00007fffa40ba88c
0x0000000ce8dfdba0:   000001421fe80000 000001421b9f8460
0x0000000ce8dfdbb0:   000000000009e340 000001421fe80000
0x0000000ce8dfdbc0:   000001421fed82d8 0000000000000000
0x0000000ce8dfdbd0:   000000000009e340 000001421fed82d8
0x0000000ce8dfdbe0:   0000000000000007 000001421b9f8460
0x0000000ce8dfdbf0:   000000000009e340 0000000000000000
0x0000000ce8dfdc00:   000001421fe80000 00007fffa40b6873
0x0000000ce8dfdc10:   0000014200000000 0000000000000000
0x0000000ce8dfdc20:   0000000000000007 000000000009e340
0x0000000ce8dfdc30:   00080000000c0003 0080000000000000
0x0000000ce8dfdc40:   000001421fed82d8 000001421b9f8460
0x0000000ce8dfdc50:   0000000000000000 00007fffa40b6ad0
0x0000000ce8dfdc60:   000000000009e340 000001421fe80000 

Instructions: (pc=0x000001422223fecf)
0x000001422223fdcf:   00 00 00 00 00 00 00 00 00 00 00 00 00 00 00 00
0x000001422223fddf:   00 00 00 00 00 00 00 00 00 00 00 00 00 00 00 00
0x000001422223fdef:   00 00 00 00 00 00 00 00 00 00 00 00 00 00 00 00
0x000001422223fdff:   00 00 00 00 00 00 00 00 00 00 00 00 00 00 00 00
0x000001422223fe0f:   00 00 00 00 00 00 00 00 00 00 00 00 00 00 00 00
0x000001422223fe1f:   00 00 00 00 00 00 00 00 00 00 00 00 00 00 00 00
0x000001422223fe2f:   00 00 00 00 00 00 00 00 00 00 ff ff ff 00 fe 00
0x000001422223fe3f:   00 48 83 ec 28 48 89 6c 24 20 48 89 5c 24 18 48
0x000001422223fe4f:   89 74 24 10 48 89 7c 24 08 48 8b d9 48 8b c2 49
0x000001422223fe5f:   8b c8 49 8b d1 48 be b0 8d ed 1f 42 01 00 00 48
0x000001422223fe6f:   8b 36 48 8b 76 08 48 8d 3c 49 48 8d 34 be 8b 3e
0x000001422223fe7f:   8b 6e 04 89 38 89 68 04 8b 7e 08 89 78 08 48 be
0x000001422223fe8f:   b0 8d ed 1f 42 01 00 00 48 8b 36 48 8b 76 68 48
0x000001422223fe9f:   8d 3c 49 48 8d 34 be 8b 3e 8b 6e 04 89 78 0c 89
0x000001422223feaf:   68 10 8b 7e 08 89 78 14 48 be b0 8d ed 1f 42 01
0x000001422223febf:   00 00 48 8b 36 48 8b b6 88 01 00 00 48 8d 34 ce
0x000001422223fecf:   8b 3e 8b 6e 04 89 78 18 89 68 1c 48 83 c0 20 ff
0x000001422223fedf:   c1 ff ca 75 80 48 8b 7c 24 08 48 8b 74 24 10 48
0x000001422223feef:   8b 5c 24 18 48 8b 6c 24 20 48 83 c4 28 c3 00 00
0x000001422223feff:   00 00 00 00 00 00 00 00 00 00 00 00 00 00 00 00
0x000001422223ff0f:   00 00 00 00 00 00 00 00 00 00 00 00 00 00 00 00
0x000001422223ff1f:   00 00 00 00 00 00 00 00 00 00 00 00 00 00 00 00
0x000001422223ff2f:   00 00 00 00 00 00 00 00 00 80 ff ff ff 00 01 00
0x000001422223ff3f:   00 55 48 8b ec 53 56 57 4c 8b da 4c 8b d1 49 8b
0x000001422223ff4f:   f2 49 8b fb 41 8b e8 85 ed 0f 84 30 00 00 00 b9
0x000001422223ff5f:   04 00 00 00 0f 8f 05 00 00 00 48 f7 d9 f7 dd 8b
0x000001422223ff6f:   1e 48 03 f1 48 83 c7 04 8b c3 81 e3 ff ff ff 00
0x000001422223ff7f:   81 e0 00 00 00 ff 0b d8 ff cd 89 5f fc 75 e0 5f
0x000001422223ff8f:   5e 5b 5d c3 00 00 00 00 00 00 00 00 00 00 00 00
0x000001422223ff9f:   00 00 00 00 00 00 00 00 00 00 00 00 00 00 00 00
0x000001422223ffaf:   00 00 00 00 00 00 00 00 00 c0 ff ff ff 80 00 00
0x000001422223ffbf:   00 48 b8 60 93 f1 1f 42 01 00 00 48 8b 00 49 ba 



---------------  P R O C E S S  ---------------

VM state: not at safepoint (normal execution)

VM Mutex/Monitor currently owned by a thread: None

Heap address: 0x0000000602400000, size: 8156 MB, Compressed Oops mode: Zero based, Oop shift amount: 3

CDS archive(s) mapped at: [0x0000000800000000-0x0000000800ba0000-0x0000000800ba0000), size 12189696, SharedBaseAddress: 0x0000000800000000, ArchiveRelocationMode: 0.
Compressed class space mapped at: 0x0000000800c00000-0x0000000840c00000, reserved size: 1073741824
Narrow klass base: 0x0000000800000000, Narrow klass shift: 0, Narrow klass range: 0x100000000

GC Precious Log:
<Skipped>

Heap:
 garbage-first heap   total 524288K, used 301360K [0x0000000602400000, 0x0000000800000000)
  region size 4096K, 68 young (278528K), 8 survivors (32768K)
 Metaspace       used 2752K, committed 2944K, reserved 1114112K
  class space    used 172K, committed 256K, reserved 1048576K

Heap Regions: E=young(eden), S=young(survivor), O=old, HS=humongous(starts), HC=humongous(continues), CS=collection set, F=free, OA=open archive, CA=closed archive, TAMS=top-at-mark-start (previous, next)
|   0|0x0000000602400000, 0x0000000602800000, 0x0000000602800000|100%| O|  |TAMS 0x0000000602400000, 0x0000000602400000| Untracked 
|   1|0x0000000602800000, 0x0000000602c00000, 0x0000000602c00000|100%| O|  |TAMS 0x0000000602800000, 0x0000000602800000| Untracked 
|   2|0x0000000602c00000, 0x0000000603000000, 0x0000000603000000|100%| O|  |TAMS 0x0000000602c00000, 0x0000000602c00000| Untracked 
|   3|0x0000000603000000, 0x0000000603400000, 0x0000000603400000|100%| O|  |TAMS 0x0000000603000000, 0x0000000603000000| Untracked 
|   4|0x0000000603400000, 0x0000000603800000, 0x0000000603800000|100%| O|  |TAMS 0x0000000603400000, 0x0000000603400000| Untracked 
|   5|0x0000000603800000, 0x0000000603b41800, 0x0000000603c00000| 81%| O|  |TAMS 0x0000000603800000, 0x0000000603800000| Untracked 
|   6|0x0000000603c00000, 0x0000000603c00000, 0x0000000604000000|  0%| F|  |TAMS 0x0000000603c00000, 0x0000000603c00000| Untracked 
|   7|0x0000000604000000, 0x0000000604000000, 0x0000000604400000|  0%| F|  |TAMS 0x0000000604000000, 0x0000000604000000| Untracked 
|   8|0x0000000604400000, 0x0000000604400000, 0x0000000604800000|  0%| F|  |TAMS 0x0000000604400000, 0x0000000604400000| Untracked 
|   9|0x0000000604800000, 0x0000000604800000, 0x0000000604c00000|  0%| F|  |TAMS 0x0000000604800000, 0x0000000604800000| Untracked 
|  10|0x0000000604c00000, 0x0000000604c00000, 0x0000000605000000|  0%| F|  |TAMS 0x0000000604c00000, 0x0000000604c00000| Untracked 
|  11|0x0000000605000000, 0x0000000605000000, 0x0000000605400000|  0%| F|  |TAMS 0x0000000605000000, 0x0000000605000000| Untracked 
|  12|0x0000000605400000, 0x0000000605400000, 0x0000000605800000|  0%| F|  |TAMS 0x0000000605400000, 0x0000000605400000| Untracked 
|  13|0x0000000605800000, 0x0000000605800000, 0x0000000605c00000|  0%| F|  |TAMS 0x0000000605800000, 0x0000000605800000| Untracked 
|  14|0x0000000605c00000, 0x0000000605c00000, 0x0000000606000000|  0%| F|  |TAMS 0x0000000605c00000, 0x0000000605c00000| Untracked 
|  15|0x0000000606000000, 0x0000000606000000, 0x0000000606400000|  0%| F|  |TAMS 0x0000000606000000, 0x0000000606000000| Untracked 
|  16|0x0000000606400000, 0x0000000606400000, 0x0000000606800000|  0%| F|  |TAMS 0x0000000606400000, 0x0000000606400000| Untracked 
|  17|0x0000000606800000, 0x0000000606800000, 0x0000000606c00000|  0%| F|  |TAMS 0x0000000606800000, 0x0000000606800000| Untracked 
|  18|0x0000000606c00000, 0x0000000606c00000, 0x0000000607000000|  0%| F|  |TAMS 0x0000000606c00000, 0x0000000606c00000| Untracked 
|  19|0x0000000607000000, 0x0000000607000000, 0x0000000607400000|  0%| F|  |TAMS 0x0000000607000000, 0x0000000607000000| Untracked 
|  20|0x0000000607400000, 0x0000000607400000, 0x0000000607800000|  0%| F|  |TAMS 0x0000000607400000, 0x0000000607400000| Untracked 
|  21|0x0000000607800000, 0x0000000607800000, 0x0000000607c00000|  0%| F|  |TAMS 0x0000000607800000, 0x0000000607800000| Untracked 
|  22|0x0000000607c00000, 0x0000000607c00000, 0x0000000608000000|  0%| F|  |TAMS 0x0000000607c00000, 0x0000000607c00000| Untracked 
|  23|0x0000000608000000, 0x0000000608000000, 0x0000000608400000|  0%| F|  |TAMS 0x0000000608000000, 0x0000000608000000| Untracked 
|  24|0x0000000608400000, 0x0000000608400000, 0x0000000608800000|  0%| F|  |TAMS 0x0000000608400000, 0x0000000608400000| Untracked 
|  25|0x0000000608800000, 0x0000000608800000, 0x0000000608c00000|  0%| F|  |TAMS 0x0000000608800000, 0x0000000608800000| Untracked 
|  26|0x0000000608c00000, 0x0000000608c00000, 0x0000000609000000|  0%| F|  |TAMS 0x0000000608c00000, 0x0000000608c00000| Untracked 
|  27|0x0000000609000000, 0x0000000609000000, 0x0000000609400000|  0%| F|  |TAMS 0x0000000609000000, 0x0000000609000000| Untracked 
|  28|0x0000000609400000, 0x0000000609400000, 0x0000000609800000|  0%| F|  |TAMS 0x0000000609400000, 0x0000000609400000| Untracked 
|  29|0x0000000609800000, 0x0000000609800000, 0x0000000609c00000|  0%| F|  |TAMS 0x0000000609800000, 0x0000000609800000| Untracked 
|  30|0x0000000609c00000, 0x0000000609c00000, 0x000000060a000000|  0%| F|  |TAMS 0x0000000609c00000, 0x0000000609c00000| Untracked 
|  31|0x000000060a000000, 0x000000060a000000, 0x000000060a400000|  0%| F|  |TAMS 0x000000060a000000, 0x000000060a000000| Untracked 
|  32|0x000000060a400000, 0x000000060a400000, 0x000000060a800000|  0%| F|  |TAMS 0x000000060a400000, 0x000000060a400000| Untracked 
|  33|0x000000060a800000, 0x000000060a800000, 0x000000060ac00000|  0%| F|  |TAMS 0x000000060a800000, 0x000000060a800000| Untracked 
|  34|0x000000060ac00000, 0x000000060ac00000, 0x000000060b000000|  0%| F|  |TAMS 0x000000060ac00000, 0x000000060ac00000| Untracked 
|  35|0x000000060b000000, 0x000000060b000000, 0x000000060b400000|  0%| F|  |TAMS 0x000000060b000000, 0x000000060b000000| Untracked 
|  36|0x000000060b400000, 0x000000060b400000, 0x000000060b800000|  0%| F|  |TAMS 0x000000060b400000, 0x000000060b400000| Untracked 
|  37|0x000000060b800000, 0x000000060b800000, 0x000000060bc00000|  0%| F|  |TAMS 0x000000060b800000, 0x000000060b800000| Untracked 
|  38|0x000000060bc00000, 0x000000060bc00000, 0x000000060c000000|  0%| F|  |TAMS 0x000000060bc00000, 0x000000060bc00000| Untracked 
|  39|0x000000060c000000, 0x000000060c000000, 0x000000060c400000|  0%| F|  |TAMS 0x000000060c000000, 0x000000060c000000| Untracked 
|  40|0x000000060c400000, 0x000000060c400000, 0x000000060c800000|  0%| F|  |TAMS 0x000000060c400000, 0x000000060c400000| Untracked 
|  41|0x000000060c800000, 0x000000060c800000, 0x000000060cc00000|  0%| F|  |TAMS 0x000000060c800000, 0x000000060c800000| Untracked 
|  42|0x000000060cc00000, 0x000000060cc00000, 0x000000060d000000|  0%| F|  |TAMS 0x000000060cc00000, 0x000000060cc00000| Untracked 
|  43|0x000000060d000000, 0x000000060d000000, 0x000000060d400000|  0%| F|  |TAMS 0x000000060d000000, 0x000000060d000000| Untracked 
|  44|0x000000060d400000, 0x000000060d400000, 0x000000060d800000|  0%| F|  |TAMS 0x000000060d400000, 0x000000060d400000| Untracked 
|  45|0x000000060d800000, 0x000000060d800000, 0x000000060dc00000|  0%| F|  |TAMS 0x000000060d800000, 0x000000060d800000| Untracked 
|  46|0x000000060dc00000, 0x000000060dc00000, 0x000000060e000000|  0%| F|  |TAMS 0x000000060dc00000, 0x000000060dc00000| Untracked 
|  47|0x000000060e000000, 0x000000060e000000, 0x000000060e400000|  0%| F|  |TAMS 0x000000060e000000, 0x000000060e000000| Untracked 
|  48|0x000000060e400000, 0x000000060e400000, 0x000000060e800000|  0%| F|  |TAMS 0x000000060e400000, 0x000000060e400000| Untracked 
|  49|0x000000060e800000, 0x000000060e800000, 0x000000060ec00000|  0%| F|  |TAMS 0x000000060e800000, 0x000000060e800000| Untracked 
|  50|0x000000060ec00000, 0x000000060ec00000, 0x000000060f000000|  0%| F|  |TAMS 0x000000060ec00000, 0x000000060ec00000| Untracked 
|  51|0x000000060f000000, 0x000000060f000000, 0x000000060f400000|  0%| F|  |TAMS 0x000000060f000000, 0x000000060f000000| Untracked 
|  52|0x000000060f400000, 0x000000060f400000, 0x000000060f800000|  0%| F|  |TAMS 0x000000060f400000, 0x000000060f400000| Untracked 
|  53|0x000000060f800000, 0x000000060f800000, 0x000000060fc00000|  0%| F|  |TAMS 0x000000060f800000, 0x000000060f800000| Untracked 
|  54|0x000000060fc00000, 0x000000060fc00000, 0x0000000610000000|  0%| F|  |TAMS 0x000000060fc00000, 0x000000060fc00000| Untracked 
|  55|0x0000000610000000, 0x0000000610000000, 0x0000000610400000|  0%| F|  |TAMS 0x0000000610000000, 0x0000000610000000| Untracked 
|  56|0x0000000610400000, 0x0000000610400000, 0x0000000610800000|  0%| F|  |TAMS 0x0000000610400000, 0x0000000610400000| Untracked 
|  57|0x0000000610800000, 0x0000000610800000, 0x0000000610c00000|  0%| F|  |TAMS 0x0000000610800000, 0x0000000610800000| Untracked 
|  58|0x0000000610c00000, 0x0000000610c00000, 0x0000000611000000|  0%| F|  |TAMS 0x0000000610c00000, 0x0000000610c00000| Untracked 
|  59|0x0000000611000000, 0x0000000611000000, 0x0000000611400000|  0%| F|  |TAMS 0x0000000611000000, 0x0000000611000000| Untracked 
|  60|0x0000000611400000, 0x00000006117b01a8, 0x0000000611800000| 92%| S|CS|TAMS 0x0000000611400000, 0x0000000611400000| Complete 
|  61|0x0000000611800000, 0x0000000611c00000, 0x0000000611c00000|100%| S|CS|TAMS 0x0000000611800000, 0x0000000611800000| Complete 
|  62|0x0000000611c00000, 0x0000000612000000, 0x0000000612000000|100%| S|CS|TAMS 0x0000000611c00000, 0x0000000611c00000| Complete 
|  63|0x0000000612000000, 0x000000061235a9d0, 0x0000000612400000| 83%| E|  |TAMS 0x0000000612000000, 0x0000000612000000| Complete 
|  64|0x0000000612400000, 0x0000000612800000, 0x0000000612800000|100%| E|CS|TAMS 0x0000000612400000, 0x0000000612400000| Complete 
|  65|0x0000000612800000, 0x0000000612c00000, 0x0000000612c00000|100%| E|CS|TAMS 0x0000000612800000, 0x0000000612800000| Complete 
|  66|0x0000000612c00000, 0x0000000613000000, 0x0000000613000000|100%| E|CS|TAMS 0x0000000612c00000, 0x0000000612c00000| Complete 
|  67|0x0000000613000000, 0x0000000613400000, 0x0000000613400000|100%| E|CS|TAMS 0x0000000613000000, 0x0000000613000000| Complete 
|  68|0x0000000613400000, 0x0000000613800000, 0x0000000613800000|100%| S|CS|TAMS 0x0000000613400000, 0x0000000613400000| Complete 
|  69|0x0000000613800000, 0x0000000613c00000, 0x0000000613c00000|100%| S|CS|TAMS 0x0000000613800000, 0x0000000613800000| Complete 
|  70|0x0000000613c00000, 0x0000000614000000, 0x0000000614000000|100%| S|CS|TAMS 0x0000000613c00000, 0x0000000613c00000| Complete 
|  71|0x0000000614000000, 0x0000000614400000, 0x0000000614400000|100%| S|CS|TAMS 0x0000000614000000, 0x0000000614000000| Complete 
|  72|0x0000000614400000, 0x0000000614800000, 0x0000000614800000|100%| S|CS|TAMS 0x0000000614400000, 0x0000000614400000| Complete 
|  73|0x0000000614800000, 0x0000000614c00000, 0x0000000614c00000|100%| E|CS|TAMS 0x0000000614800000, 0x0000000614800000| Complete 
|  74|0x0000000614c00000, 0x0000000615000000, 0x0000000615000000|100%| E|CS|TAMS 0x0000000614c00000, 0x0000000614c00000| Complete 
|  75|0x0000000615000000, 0x0000000615400000, 0x0000000615400000|100%| E|CS|TAMS 0x0000000615000000, 0x0000000615000000| Complete 
|  76|0x0000000615400000, 0x0000000615800000, 0x0000000615800000|100%| E|CS|TAMS 0x0000000615400000, 0x0000000615400000| Complete 
|  77|0x0000000615800000, 0x0000000615c00000, 0x0000000615c00000|100%| E|CS|TAMS 0x0000000615800000, 0x0000000615800000| Complete 
|  78|0x0000000615c00000, 0x0000000616000000, 0x0000000616000000|100%| E|CS|TAMS 0x0000000615c00000, 0x0000000615c00000| Complete 
|  79|0x0000000616000000, 0x0000000616400000, 0x0000000616400000|100%| E|CS|TAMS 0x0000000616000000, 0x0000000616000000| Complete 
|  80|0x0000000616400000, 0x0000000616800000, 0x0000000616800000|100%| E|CS|TAMS 0x0000000616400000, 0x0000000616400000| Complete 
|  81|0x0000000616800000, 0x0000000616c00000, 0x0000000616c00000|100%| E|CS|TAMS 0x0000000616800000, 0x0000000616800000| Complete 
|  82|0x0000000616c00000, 0x0000000617000000, 0x0000000617000000|100%| E|CS|TAMS 0x0000000616c00000, 0x0000000616c00000| Complete 
|  83|0x0000000617000000, 0x0000000617400000, 0x0000000617400000|100%| E|CS|TAMS 0x0000000617000000, 0x0000000617000000| Complete 
|  84|0x0000000617400000, 0x0000000617800000, 0x0000000617800000|100%| E|CS|TAMS 0x0000000617400000, 0x0000000617400000| Complete 
|  85|0x0000000617800000, 0x0000000617c00000, 0x0000000617c00000|100%| E|CS|TAMS 0x0000000617800000, 0x0000000617800000| Complete 
|  86|0x0000000617c00000, 0x0000000618000000, 0x0000000618000000|100%| E|CS|TAMS 0x0000000617c00000, 0x0000000617c00000| Complete 
|  87|0x0000000618000000, 0x0000000618400000, 0x0000000618400000|100%| E|CS|TAMS 0x0000000618000000, 0x0000000618000000| Complete 
|  88|0x0000000618400000, 0x0000000618800000, 0x0000000618800000|100%| E|CS|TAMS 0x0000000618400000, 0x0000000618400000| Complete 
|  89|0x0000000618800000, 0x0000000618c00000, 0x0000000618c00000|100%| E|CS|TAMS 0x0000000618800000, 0x0000000618800000| Complete 
|  90|0x0000000618c00000, 0x0000000619000000, 0x0000000619000000|100%| E|CS|TAMS 0x0000000618c00000, 0x0000000618c00000| Complete 
|  91|0x0000000619000000, 0x0000000619400000, 0x0000000619400000|100%| E|CS|TAMS 0x0000000619000000, 0x0000000619000000| Complete 
|  92|0x0000000619400000, 0x0000000619800000, 0x0000000619800000|100%| E|CS|TAMS 0x0000000619400000, 0x0000000619400000| Complete 
|  93|0x0000000619800000, 0x0000000619c00000, 0x0000000619c00000|100%| E|CS|TAMS 0x0000000619800000, 0x0000000619800000| Complete 
|  94|0x0000000619c00000, 0x000000061a000000, 0x000000061a000000|100%| E|CS|TAMS 0x0000000619c00000, 0x0000000619c00000| Complete 
|  95|0x000000061a000000, 0x000000061a400000, 0x000000061a400000|100%| E|CS|TAMS 0x000000061a000000, 0x000000061a000000| Complete 
|  96|0x000000061a400000, 0x000000061a800000, 0x000000061a800000|100%| E|CS|TAMS 0x000000061a400000, 0x000000061a400000| Complete 
|  97|0x000000061a800000, 0x000000061ac00000, 0x000000061ac00000|100%| E|CS|TAMS 0x000000061a800000, 0x000000061a800000| Complete 
|  98|0x000000061ac00000, 0x000000061b000000, 0x000000061b000000|100%| E|CS|TAMS 0x000000061ac00000, 0x000000061ac00000| Complete 
|  99|0x000000061b000000, 0x000000061b400000, 0x000000061b400000|100%| E|CS|TAMS 0x000000061b000000, 0x000000061b000000| Complete 
| 100|0x000000061b400000, 0x000000061b800000, 0x000000061b800000|100%| E|CS|TAMS 0x000000061b400000, 0x000000061b400000| Complete 
| 101|0x000000061b800000, 0x000000061bc00000, 0x000000061bc00000|100%| E|CS|TAMS 0x000000061b800000, 0x000000061b800000| Complete 
| 102|0x000000061bc00000, 0x000000061c000000, 0x000000061c000000|100%| E|CS|TAMS 0x000000061bc00000, 0x000000061bc00000| Complete 
| 103|0x000000061c000000, 0x000000061c400000, 0x000000061c400000|100%| E|CS|TAMS 0x000000061c000000, 0x000000061c000000| Complete 
| 104|0x000000061c400000, 0x000000061c800000, 0x000000061c800000|100%| E|CS|TAMS 0x000000061c400000, 0x000000061c400000| Complete 
| 105|0x000000061c800000, 0x000000061cc00000, 0x000000061cc00000|100%| E|CS|TAMS 0x000000061c800000, 0x000000061c800000| Complete 
| 106|0x000000061cc00000, 0x000000061d000000, 0x000000061d000000|100%| E|CS|TAMS 0x000000061cc00000, 0x000000061cc00000| Complete 
| 107|0x000000061d000000, 0x000000061d400000, 0x000000061d400000|100%| E|CS|TAMS 0x000000061d000000, 0x000000061d000000| Complete 
| 108|0x000000061d400000, 0x000000061d800000, 0x000000061d800000|100%| E|CS|TAMS 0x000000061d400000, 0x000000061d400000| Complete 
| 109|0x000000061d800000, 0x000000061dc00000, 0x000000061dc00000|100%| E|CS|TAMS 0x000000061d800000, 0x000000061d800000| Complete 
| 110|0x000000061dc00000, 0x000000061e000000, 0x000000061e000000|100%| E|CS|TAMS 0x000000061dc00000, 0x000000061dc00000| Complete 
| 111|0x000000061e000000, 0x000000061e400000, 0x000000061e400000|100%| E|CS|TAMS 0x000000061e000000, 0x000000061e000000| Complete 
| 112|0x000000061e400000, 0x000000061e800000, 0x000000061e800000|100%| E|CS|TAMS 0x000000061e400000, 0x000000061e400000| Complete 
| 113|0x000000061e800000, 0x000000061ec00000, 0x000000061ec00000|100%| E|CS|TAMS 0x000000061e800000, 0x000000061e800000| Complete 
| 114|0x000000061ec00000, 0x000000061f000000, 0x000000061f000000|100%| E|CS|TAMS 0x000000061ec00000, 0x000000061ec00000| Complete 
| 115|0x000000061f000000, 0x000000061f400000, 0x000000061f400000|100%| E|CS|TAMS 0x000000061f000000, 0x000000061f000000| Complete 
| 116|0x000000061f400000, 0x000000061f800000, 0x000000061f800000|100%| E|CS|TAMS 0x000000061f400000, 0x000000061f400000| Complete 
| 117|0x000000061f800000, 0x000000061fc00000, 0x000000061fc00000|100%| E|CS|TAMS 0x000000061f800000, 0x000000061f800000| Complete 
| 118|0x000000061fc00000, 0x0000000620000000, 0x0000000620000000|100%| E|CS|TAMS 0x000000061fc00000, 0x000000061fc00000| Complete 
| 119|0x0000000620000000, 0x0000000620400000, 0x0000000620400000|100%| E|CS|TAMS 0x0000000620000000, 0x0000000620000000| Complete 
| 120|0x0000000620400000, 0x0000000620800000, 0x0000000620800000|100%| E|CS|TAMS 0x0000000620400000, 0x0000000620400000| Complete 
| 121|0x0000000620800000, 0x0000000620c00000, 0x0000000620c00000|100%| E|CS|TAMS 0x0000000620800000, 0x0000000620800000| Complete 
| 122|0x0000000620c00000, 0x0000000621000000, 0x0000000621000000|100%| E|CS|TAMS 0x0000000620c00000, 0x0000000620c00000| Complete 
| 123|0x0000000621000000, 0x0000000621400000, 0x0000000621400000|100%| E|CS|TAMS 0x0000000621000000, 0x0000000621000000| Complete 
| 124|0x0000000621400000, 0x0000000621800000, 0x0000000621800000|100%| E|CS|TAMS 0x0000000621400000, 0x0000000621400000| Complete 
| 125|0x0000000621800000, 0x0000000621c00000, 0x0000000621c00000|100%| E|CS|TAMS 0x0000000621800000, 0x0000000621800000| Complete 
| 126|0x0000000621c00000, 0x0000000622000000, 0x0000000622000000|100%| E|CS|TAMS 0x0000000621c00000, 0x0000000621c00000| Complete 
| 127|0x0000000622000000, 0x0000000622400000, 0x0000000622400000|100%| E|CS|TAMS 0x0000000622000000, 0x0000000622000000| Complete 

Card table byte_map: [0x0000014272aa0000,0x0000014273a90000] _byte_map_base: 0x000001426fa8e000

Marking Bits (Prev, Next): (CMBitMap*) 0x0000014269ef2720, (CMBitMap*) 0x0000014269ef2760
 Prev Bits: [0x0000014274a80000, 0x000001427c9f0000)
 Next Bits: [0x000001420f000000, 0x0000014216f70000)

Polling page: 0x0000014267e10000

Metaspace:

Usage:
  Non-class:      2.52 MB used.
      Class:    172.72 KB used.
       Both:      2.69 MB used.

Virtual space:
  Non-class space:       64.00 MB reserved,       2.62 MB (  4%) committed,  1 nodes.
      Class space:        1.00 GB reserved,     256.00 KB ( <1%) committed,  1 nodes.
             Both:        1.06 GB reserved,       2.88 MB ( <1%) committed. 

Chunk freelists:
   Non-Class:  2.73 MB
       Class:  3.63 MB
        Both:  6.36 MB

MaxMetaspaceSize: unlimited
CompressedClassSpaceSize: 1.00 GB
Initial GC threshold: 21.00 MB
Current GC threshold: 21.00 MB
CDS: on
MetaspaceReclaimPolicy: balanced
 - commit_granule_bytes: 65536.
 - commit_granule_words: 8192.
 - virtual_space_node_default_size: 8388608.
 - enlarge_chunks_in_place: 1.
 - new_chunks_are_fully_committed: 0.
 - uncommit_free_chunks: 1.
 - use_allocation_guard: 0.


Internal statistics:

num_allocs_failed_limit: 0.
num_arena_births: 50.
num_arena_deaths: 0.
num_vsnodes_births: 2.
num_vsnodes_deaths: 0.
num_space_committed: 44.
num_space_uncommitted: 0.
num_chunks_returned_to_freelist: 0.
num_chunks_taken_from_freelist: 104.
num_chunk_merges: 0.
num_chunk_splits: 71.
num_chunks_enlarged: 53.
num_inconsistent_stats: 0.

CodeHeap 'non-profiled nmethods': size=120000Kb used=487Kb max_used=487Kb free=119512Kb
 bounds [0x0000014207ad0000, 0x0000014207d40000, 0x000001420f000000]
CodeHeap 'profiled nmethods': size=120000Kb used=1196Kb max_used=1196Kb free=118803Kb
 bounds [0x00000142005a0000, 0x0000014200810000, 0x0000014207ad0000]
CodeHeap 'non-nmethods': size=5760Kb used=1210Kb max_used=1328Kb free=4549Kb
 bounds [0x0000014200000000, 0x0000014200270000, 0x00000142005a0000]
 total_blobs=1318 nmethods=811 adapters=420
 compilation: enabled
              stopped_count=0, restarted_count=0
 full_count=0

Compilation events (20 events):
Event: 4.658 Thread 0x000001427ede2030  800       3       java.lang.invoke.LambdaForm$NamedFunction::methodType (23 bytes)
Event: 4.658 Thread 0x000001427ede2030 nmethod 800 0x00000142006c6e90 code [0x00000142006c7040, 0x00000142006c72a8]
Event: 4.658 Thread 0x000001427ede2030  798       3       java.lang.invoke.MethodHandleNatives::refKindHasReceiver (33 bytes)
Event: 4.658 Thread 0x000001427ede2030 nmethod 798 0x00000142006c7390 code [0x00000142006c7520, 0x00000142006c7678]
Event: 4.658 Thread 0x000001427ede2030  802       3       jdk.internal.org.objectweb.asm.MethodWriter::visitVarInsn (302 bytes)
Event: 4.659 Thread 0x000001427ede2030 nmethod 802 0x00000142006c7710 code [0x00000142006c7960, 0x00000142006c8308]
Event: 4.659 Thread 0x000001427ede2030  803       3       jdk.internal.org.objectweb.asm.Frame::pop (42 bytes)
Event: 4.659 Thread 0x000001427ede2030 nmethod 803 0x00000142006c8590 code [0x00000142006c8740, 0x00000142006c88f8]
Event: 4.659 Thread 0x000001427ede2030  806       3       java.lang.invoke.InvokerBytecodeGenerator::emitImplicitConversion (161 bytes)
Event: 4.659 Thread 0x000001427ede2030 nmethod 806 0x00000142006c8a10 code [0x00000142006c8d20, 0x00000142006c9bb8]
Event: 4.659 Thread 0x000001427ede2030  807       3       jdk.internal.org.objectweb.asm.Frame::getLocal (46 bytes)
Event: 4.659 Thread 0x000001427ede2030 nmethod 807 0x00000142006ca090 code [0x00000142006ca240, 0x00000142006ca478]
Event: 4.661 Thread 0x000001427ede2030  808   !   3       java.util.zip.ZipFile$ZipFileInputStream::close (59 bytes)
Event: 4.661 Thread 0x000001427ede2030 nmethod 808 0x00000142006ca590 code [0x00000142006ca740, 0x00000142006caac8]
Event: 4.661 Thread 0x000001427ede2030  809       3       java.util.Collections$SetFromMap::remove (19 bytes)
Event: 4.661 Thread 0x000001427ede2030 nmethod 809 0x00000142006cac90 code [0x00000142006cae40, 0x00000142006cb068]
Event: 4.661 Thread 0x000001427ede2030  810       1       finalprogram.Pair::GetFirst (5 bytes)
Event: 4.661 Thread 0x000001427ede2030 nmethod 810 0x0000014207b49810 code [0x0000014207b499a0, 0x0000014207b49a78]
Event: 4.661 Thread 0x000001427ede2030  811       1       finalprogram.Chunk::SetVisibility (6 bytes)
Event: 4.661 Thread 0x000001427ede2030 nmethod 811 0x0000014207b49b10 code [0x0000014207b49ca0, 0x0000014207b49d78]

GC Heap History (10 events):
Event: 0.510 GC heap before
{Heap before GC invocations=0 (full 0):
 garbage-first heap   total 524288K, used 24576K [0x0000000602400000, 0x0000000800000000)
  region size 4096K, 6 young (24576K), 0 survivors (0K)
 Metaspace       used 2596K, committed 2816K, reserved 1114112K
  class space    used 164K, committed 256K, reserved 1048576K
}
Event: 0.513 GC heap after
{Heap after GC invocations=1 (full 0):
 garbage-first heap   total 524288K, used 2620K [0x0000000602400000, 0x0000000800000000)
  region size 4096K, 1 young (4096K), 1 survivors (4096K)
 Metaspace       used 2596K, committed 2816K, reserved 1114112K
  class space    used 164K, committed 256K, reserved 1048576K
}
Event: 0.680 GC heap before
{Heap before GC invocations=1 (full 0):
 garbage-first heap   total 524288K, used 35388K [0x0000000602400000, 0x0000000800000000)
  region size 4096K, 9 young (36864K), 1 survivors (4096K)
 Metaspace       used 2621K, committed 2816K, reserved 1114112K
  class space    used 165K, committed 256K, reserved 1048576K
}
Event: 0.682 GC heap after
{Heap after GC invocations=2 (full 0):
 garbage-first heap   total 524288K, used 3908K [0x0000000602400000, 0x0000000800000000)
  region size 4096K, 1 young (4096K), 1 survivors (4096K)
 Metaspace       used 2621K, committed 2816K, reserved 1114112K
  class space    used 165K, committed 256K, reserved 1048576K
}
Event: 1.942 GC heap before
{Heap before GC invocations=2 (full 0):
 garbage-first heap   total 524288K, used 307012K [0x0000000602400000, 0x0000000800000000)
  region size 4096K, 76 young (311296K), 1 survivors (4096K)
 Metaspace       used 2632K, committed 2816K, reserved 1114112K
  class space    used 165K, committed 256K, reserved 1048576K
}
Event: 1.950 GC heap after
{Heap after GC invocations=3 (full 0):
 garbage-first heap   total 524288K, used 23692K [0x0000000602400000, 0x0000000800000000)
  region size 4096K, 6 young (24576K), 6 survivors (24576K)
 Metaspace       used 2632K, committed 2816K, reserved 1114112K
  class space    used 165K, committed 256K, reserved 1048576K
}
Event: 2.892 GC heap before
{Heap before GC invocations=3 (full 0):
 garbage-first heap   total 524288K, used 269452K [0x0000000602400000, 0x0000000800000000)
  region size 4096K, 66 young (270336K), 6 survivors (24576K)
 Metaspace       used 2642K, committed 2816K, reserved 1114112K
  class space    used 165K, committed 256K, reserved 1048576K
}
Event: 2.905 GC heap after
{Heap after GC invocations=4 (full 0):
 garbage-first heap   total 524288K, used 42027K [0x0000000602400000, 0x0000000800000000)
  region size 4096K, 5 young (20480K), 5 survivors (20480K)
 Metaspace       used 2642K, committed 2816K, reserved 1114112K
  class space    used 165K, committed 256K, reserved 1048576K
}
Event: 3.735 GC heap before
{Heap before GC invocations=4 (full 0):
 garbage-first heap   total 524288K, used 267307K [0x0000000602400000, 0x0000000800000000)
  region size 4096K, 60 young (245760K), 5 survivors (20480K)
 Metaspace       used 2660K, committed 2816K, reserved 1114112K
  class space    used 165K, committed 256K, reserved 1048576K
}
Event: 3.742 GC heap after
{Heap after GC invocations=5 (full 0):
 garbage-first heap   total 524288K, used 56262K [0x0000000602400000, 0x0000000800000000)
  region size 4096K, 8 young (32768K), 8 survivors (32768K)
 Metaspace       used 2660K, committed 2816K, reserved 1114112K
  class space    used 165K, committed 256K, reserved 1048576K
}

Deoptimization events (20 events):
Event: 0.967 Thread 0x0000014269e3f920 DEOPT PACKING pc=0x0000014200693b99 sp=0x0000000ce78ff020
Event: 0.967 Thread 0x0000014269e3f920 DEOPT UNPACKING pc=0x0000014200052b43 sp=0x0000000ce78fe580 mode 0
Event: 1.012 Thread 0x0000014269e3f920 DEOPT PACKING pc=0x0000014200693b99 sp=0x0000000ce78ff020
Event: 1.012 Thread 0x0000014269e3f920 DEOPT UNPACKING pc=0x0000014200052b43 sp=0x0000000ce78fe580 mode 0
Event: 1.055 Thread 0x0000014269e3f920 DEOPT PACKING pc=0x0000014200693b99 sp=0x0000000ce78ff020
Event: 1.055 Thread 0x0000014269e3f920 DEOPT UNPACKING pc=0x0000014200052b43 sp=0x0000000ce78fe580 mode 0
Event: 1.103 Thread 0x0000014269e3f920 DEOPT PACKING pc=0x0000014200693b99 sp=0x0000000ce78ff020
Event: 1.103 Thread 0x0000014269e3f920 DEOPT UNPACKING pc=0x0000014200052b43 sp=0x0000000ce78fe580 mode 0
Event: 1.146 Thread 0x0000014269e3f920 DEOPT PACKING pc=0x0000014200693b99 sp=0x0000000ce78ff020
Event: 1.146 Thread 0x0000014269e3f920 DEOPT UNPACKING pc=0x0000014200052b43 sp=0x0000000ce78fe580 mode 0
Event: 1.190 Thread 0x0000014269e3f920 DEOPT PACKING pc=0x0000014200693b99 sp=0x0000000ce78ff020
Event: 1.190 Thread 0x0000014269e3f920 DEOPT UNPACKING pc=0x0000014200052b43 sp=0x0000000ce78fe580 mode 0
Event: 1.238 Thread 0x0000014269e3f920 DEOPT PACKING pc=0x0000014200693b99 sp=0x0000000ce78ff020
Event: 1.238 Thread 0x0000014269e3f920 DEOPT UNPACKING pc=0x0000014200052b43 sp=0x0000000ce78fe580 mode 0
Event: 1.285 Thread 0x0000014269e3f920 DEOPT PACKING pc=0x0000014200693b99 sp=0x0000000ce78ff020
Event: 1.286 Thread 0x0000014269e3f920 DEOPT UNPACKING pc=0x0000014200052b43 sp=0x0000000ce78fe580 mode 0
Event: 4.654 Thread 0x0000014269e3f920 Uncommon trap: trap_request=0xffffff45 fr.pc=0x0000014207b02f14 relative=0x0000000000000274
Event: 4.654 Thread 0x0000014269e3f920 Uncommon trap: reason=unstable_if action=reinterpret pc=0x0000014207b02f14 method=jdk.internal.misc.Unsafe.copyMemory(Ljava/lang/Object;JLjava/lang/Object;JJ)V @ 16 c2
Event: 4.654 Thread 0x0000014269e3f920 DEOPT PACKING pc=0x0000014207b02f14 sp=0x0000000ce78febb0
Event: 4.654 Thread 0x0000014269e3f920 DEOPT UNPACKING pc=0x00000142000523a3 sp=0x0000000ce78feb78 mode 2

Classes loaded (20 events):
Event: 0.347 Loading class java/awt/color/ICC_ProfileGray
Event: 0.347 Loading class java/awt/color/ICC_ProfileGray done
Event: 0.347 Loading class java/awt/image/DataBuffer
Event: 0.347 Loading class java/awt/image/DataBuffer done
Event: 0.347 Loading class java/awt/image/DataBuffer$1
Event: 0.347 Loading class sun/awt/image/SunWritableRaster$DataStealer
Event: 0.347 Loading class sun/awt/image/SunWritableRaster$DataStealer done
Event: 0.347 Loading class java/awt/image/DataBuffer$1 done
Event: 0.347 Loading class sun/awt/image/SunWritableRaster
Event: 0.347 Loading class java/awt/image/WritableRaster
Event: 0.347 Loading class java/awt/image/Raster
Event: 0.347 Loading class java/awt/image/Raster done
Event: 0.347 Loading class java/awt/image/WritableRaster done
Event: 0.347 Loading class sun/awt/image/SunWritableRaster done
Event: 0.348 Loading class java/util/zip/DataFormatException
Event: 0.348 Loading class java/util/zip/DataFormatException done
Event: 0.348 Loading class java/io/EOFException
Event: 0.348 Loading class java/io/EOFException done
Event: 0.391 Loading class java/lang/StrictMath
Event: 0.391 Loading class java/lang/StrictMath done

Classes unloaded (0 events):
No events

Classes redefined (0 events):
No events

Internal exceptions (20 events):
Event: 0.490 Thread 0x0000014269e3f920 Implicit null exception at 0x000001420067b26f to 0x000001420067b5c9
Event: 0.490 Thread 0x0000014269e3f920 Exception <a 'java/lang/NullPointerException'{0x0000000621291310}> (0x0000000621291310) 
thrown [s\open\src\hotspot\share\runtime\sharedRuntime.cpp, line 625]
Event: 0.490 Thread 0x0000014269e3f920 Implicit null exception at 0x000001420067b26f to 0x000001420067b5c9
Event: 0.490 Thread 0x0000014269e3f920 Exception <a 'java/lang/NullPointerException'{0x0000000621291868}> (0x0000000621291868) 
thrown [s\open\src\hotspot\share\runtime\sharedRuntime.cpp, line 625]
Event: 0.490 Thread 0x0000014269e3f920 Implicit null exception at 0x000001420067b26f to 0x000001420067b5c9
Event: 0.490 Thread 0x0000014269e3f920 Exception <a 'java/lang/NullPointerException'{0x0000000621291dc0}> (0x0000000621291dc0) 
thrown [s\open\src\hotspot\share\runtime\sharedRuntime.cpp, line 625]
Event: 0.490 Thread 0x0000014269e3f920 Implicit null exception at 0x000001420067b26f to 0x000001420067b5c9
Event: 0.490 Thread 0x0000014269e3f920 Exception <a 'java/lang/NullPointerException'{0x0000000621292318}> (0x0000000621292318) 
thrown [s\open\src\hotspot\share\runtime\sharedRuntime.cpp, line 625]
Event: 0.490 Thread 0x0000014269e3f920 Implicit null exception at 0x000001420067b26f to 0x000001420067b5c9
Event: 0.490 Thread 0x0000014269e3f920 Exception <a 'java/lang/NullPointerException'{0x0000000621292870}> (0x0000000621292870) 
thrown [s\open\src\hotspot\share\runtime\sharedRuntime.cpp, line 625]
Event: 0.490 Thread 0x0000014269e3f920 Implicit null exception at 0x000001420067b26f to 0x000001420067b5c9
Event: 0.490 Thread 0x0000014269e3f920 Exception <a 'java/lang/NullPointerException'{0x0000000621292dc8}> (0x0000000621292dc8) 
thrown [s\open\src\hotspot\share\runtime\sharedRuntime.cpp, line 625]
Event: 0.490 Thread 0x0000014269e3f920 Implicit null exception at 0x000001420067b26f to 0x000001420067b5c9
Event: 0.490 Thread 0x0000014269e3f920 Exception <a 'java/lang/NullPointerException'{0x0000000621293320}> (0x0000000621293320) 
thrown [s\open\src\hotspot\share\runtime\sharedRuntime.cpp, line 625]
Event: 0.490 Thread 0x0000014269e3f920 Implicit null exception at 0x000001420067b26f to 0x000001420067b5c9
Event: 0.490 Thread 0x0000014269e3f920 Exception <a 'java/lang/NullPointerException'{0x0000000621293878}> (0x0000000621293878) 
thrown [s\open\src\hotspot\share\runtime\sharedRuntime.cpp, line 625]
Event: 0.490 Thread 0x0000014269e3f920 Implicit null exception at 0x000001420067b26f to 0x000001420067b5c9
Event: 0.490 Thread 0x0000014269e3f920 Exception <a 'java/lang/NullPointerException'{0x0000000621293dd0}> (0x0000000621293dd0) 
thrown [s\open\src\hotspot\share\runtime\sharedRuntime.cpp, line 625]
Event: 0.490 Thread 0x0000014269e3f920 Implicit null exception at 0x000001420067b26f to 0x000001420067b5c9
Event: 0.490 Thread 0x0000014269e3f920 Exception <a 'java/lang/NullPointerException'{0x0000000621294328}> (0x0000000621294328) 
thrown [s\open\src\hotspot\share\runtime\sharedRuntime.cpp, line 625]

VM Operations (14 events):
Event: 0.046 Executing VM operation: HandshakeAllThreads
Event: 0.046 Executing VM operation: HandshakeAllThreads done
Event: 0.510 Executing VM operation: G1CollectForAllocation
Event: 0.513 Executing VM operation: G1CollectForAllocation done
Event: 0.680 Executing VM operation: G1CollectForAllocation
Event: 0.682 Executing VM operation: G1CollectForAllocation done
Event: 1.688 Executing VM operation: Cleanup
Event: 1.688 Executing VM operation: Cleanup done
Event: 1.942 Executing VM operation: G1CollectForAllocation
Event: 1.950 Executing VM operation: G1CollectForAllocation done
Event: 2.892 Executing VM operation: G1CollectForAllocation
Event: 2.905 Executing VM operation: G1CollectForAllocation done
Event: 3.735 Executing VM operation: G1CollectForAllocation
Event: 3.742 Executing VM operation: G1CollectForAllocation done

Events (20 events):
Event: 0.013 Thread 0x000001427edc34e0 Thread added: 0x000001427edc34e0
Event: 0.019 Thread 0x000001427eddd000 Thread added: 0x000001427eddd000
Event: 0.019 Thread 0x000001427eddd8b0 Thread added: 0x000001427eddd8b0
Event: 0.019 Thread 0x000001427edde160 Thread added: 0x000001427edde160
Event: 0.019 Thread 0x000001427eddea10 Thread added: 0x000001427eddea10
Event: 0.020 Thread 0x000001427ede1600 Thread added: 0x000001427ede1600
Event: 0.020 Thread 0x000001427ede2030 Thread added: 0x000001427ede2030
Event: 0.020 Thread 0x000001427ede2a60 Thread added: 0x000001427ede2a60
Event: 0.035 Thread 0x000001421b1ea6d0 Thread added: 0x000001421b1ea6d0
Event: 0.042 Loaded shared library C:\Program Files\Java\jdk-18.0.1.1\bin\net.dll
Event: 0.043 Loaded shared library C:\Program Files\Java\jdk-18.0.1.1\bin\nio.dll
Event: 0.053 Thread 0x000001421b292740 Thread added: 0x000001421b292740
Event: 0.055 Thread 0x000001421b327160 Thread added: 0x000001421b327160
Event: 0.056 Loaded shared library C:\Program Files\Java\jdk-18.0.1.1\bin\zip.dll
Event: 0.062 Loaded shared library C:\Program Files\Java\jdk-18.0.1.1\bin\verify.dll
Event: 0.072 Loaded shared library C:\Users\Aidan\Documents\lwjgl-2.9.2\lwjgl-2.9.2\native\windows\lwjgl64.dll
Event: 0.189 Thread 0x000001421b327160 Thread exited: 0x000001421b327160
Event: 0.323 Loaded shared library C:\Program Files\Java\jdk-18.0.1.1\bin\jimage.dll
Event: 0.346 Loaded shared library C:\Program Files\Java\jdk-18.0.1.1\bin\awt.dll
Event: 4.661 Thread 0x000001421bec0a00 Thread added: 0x000001421bec0a00


Dynamic libraries:
0x00007ff6c6630000 - 0x00007ff6c6640000 	C:\Program Files\Java\jdk-18.0.1.1\bin\java.exe
0x00007ff82c4d0000 - 0x00007ff82c6c8000 	C:\WINDOWS\SYSTEM32\ntdll.dll
0x00007ff82b220000 - 0x00007ff82b2dd000 	C:\WINDOWS\System32\KERNEL32.DLL
0x00007ff82a0a0000 - 0x00007ff82a396000 	C:\WINDOWS\System32\KERNELBASE.dll
0x00007ff829de0000 - 0x00007ff829ee0000 	C:\WINDOWS\System32\ucrtbase.dll
0x00007ff823440000 - 0x00007ff82345a000 	C:\Program Files\Java\jdk-18.0.1.1\bin\VCRUNTIME140.dll
0x00007ff819440000 - 0x00007ff819458000 	C:\Program Files\Java\jdk-18.0.1.1\bin\jli.dll
0x00007ff82b590000 - 0x00007ff82b63f000 	C:\WINDOWS\System32\ADVAPI32.dll
0x00007ff82c3f0000 - 0x00007ff82c48e000 	C:\WINDOWS\System32\msvcrt.dll
0x00007ff82aec0000 - 0x00007ff82af5c000 	C:\WINDOWS\System32\sechost.dll
0x00007ff82b7d0000 - 0x00007ff82b8f6000 	C:\WINDOWS\System32\RPCRT4.dll
0x00007ff82b3e0000 - 0x00007ff82b57e000 	C:\WINDOWS\System32\USER32.dll
0x00007ff82a500000 - 0x00007ff82a522000 	C:\WINDOWS\System32\win32u.dll
0x00007ff82be10000 - 0x00007ff82be3c000 	C:\WINDOWS\System32\GDI32.dll
0x00007ff80c1c0000 - 0x00007ff80c45a000 	C:\WINDOWS\WinSxS\amd64_microsoft.windows.common-controls_6595b64144ccf1df_6.0.19041.3636_none_60b6a03d71f818d5\COMCTL32.dll
0x00007ff829cc0000 - 0x00007ff829dda000 	C:\WINDOWS\System32\gdi32full.dll
0x00007ff829bb0000 - 0x00007ff829c4d000 	C:\WINDOWS\System32\msvcp_win.dll
0x00007ff8226f0000 - 0x00007ff8226fa000 	C:\WINDOWS\SYSTEM32\VERSION.dll
0x00007ff82c2b0000 - 0x00007ff82c2e0000 	C:\WINDOWS\System32\IMM32.DLL
0x00007ff825710000 - 0x00007ff82571c000 	C:\Program Files\Java\jdk-18.0.1.1\bin\vcruntime140_1.dll
0x00007ff813a60000 - 0x00007ff813aed000 	C:\Program Files\Java\jdk-18.0.1.1\bin\msvcp140.dll
0x00007fffe61f0000 - 0x00007fffe6e00000 	C:\Program Files\Java\jdk-18.0.1.1\bin\server\jvm.dll
0x00007ff82b210000 - 0x00007ff82b218000 	C:\WINDOWS\System32\PSAPI.DLL
0x00007ff822870000 - 0x00007ff822879000 	C:\WINDOWS\SYSTEM32\WSOCK32.dll
0x00007ff82afc0000 - 0x00007ff82b02b000 	C:\WINDOWS\System32\WS2_32.dll
0x00007ff80ec60000 - 0x00007ff80ec87000 	C:\WINDOWS\SYSTEM32\WINMM.dll
0x00007ff828400000 - 0x00007ff828412000 	C:\WINDOWS\SYSTEM32\kernel.appcore.dll
0x00007ff825310000 - 0x00007ff82531a000 	C:\Program Files\Java\jdk-18.0.1.1\bin\jimage.dll
0x00007ff827820000 - 0x00007ff827a04000 	C:\WINDOWS\SYSTEM32\DBGHELP.DLL
0x00007ffffaf20000 - 0x00007ffffaf54000 	C:\WINDOWS\SYSTEM32\dbgcore.DLL
0x00007ff829f30000 - 0x00007ff829fb2000 	C:\WINDOWS\System32\bcryptPrimitives.dll
0x00007ff818ab0000 - 0x00007ff818ad5000 	C:\Program Files\Java\jdk-18.0.1.1\bin\java.dll
0x00007ff8189d0000 - 0x00007ff818aa6000 	C:\Program Files\Java\jdk-18.0.1.1\bin\jsvml.dll
0x00007ff82a5c0000 - 0x00007ff82ad04000 	C:\WINDOWS\System32\SHELL32.dll
0x00007ff827c50000 - 0x00007ff8283eb000 	C:\WINDOWS\SYSTEM32\windows.storage.dll
0x00007ff82b990000 - 0x00007ff82bce4000 	C:\WINDOWS\System32\combase.dll
0x00007ff8295f0000 - 0x00007ff82961d000 	C:\WINDOWS\SYSTEM32\Wldp.dll
0x00007ff82b030000 - 0x00007ff82b0dd000 	C:\WINDOWS\System32\SHCORE.dll
0x00007ff82af60000 - 0x00007ff82afb5000 	C:\WINDOWS\System32\shlwapi.dll
0x00007ff829ae0000 - 0x00007ff829b05000 	C:\WINDOWS\SYSTEM32\profapi.dll
0x00007ff8189b0000 - 0x00007ff8189c3000 	C:\Program Files\Java\jdk-18.0.1.1\bin\net.dll
0x00007ff81cb70000 - 0x00007ff81cc7a000 	C:\WINDOWS\SYSTEM32\WINHTTP.dll
0x00007ff829350000 - 0x00007ff8293ba000 	C:\WINDOWS\system32\mswsock.dll
0x00007ff818990000 - 0x00007ff8189a6000 	C:\Program Files\Java\jdk-18.0.1.1\bin\nio.dll
0x00007ff818970000 - 0x00007ff818988000 	C:\Program Files\Java\jdk-18.0.1.1\bin\zip.dll
0x00007ff823430000 - 0x00007ff823440000 	C:\Program Files\Java\jdk-18.0.1.1\bin\verify.dll
0x0000000180000000 - 0x0000000180053000 	C:\Users\Aidan\Documents\lwjgl-2.9.2\lwjgl-2.9.2\native\windows\lwjgl64.dll
0x00007ff813850000 - 0x00007ff813975000 	C:\WINDOWS\SYSTEM32\OPENGL32.dll
0x00007ff81d380000 - 0x00007ff81d3ac000 	C:\WINDOWS\SYSTEM32\GLU32.dll
0x00007ff823cc0000 - 0x00007ff823d6e000 	C:\WINDOWS\SYSTEM32\mscms.dll
0x00007ff829aa0000 - 0x00007ff829ace000 	C:\WINDOWS\SYSTEM32\USERENV.dll
0x00007ff823ca0000 - 0x00007ff823cb1000 	C:\WINDOWS\SYSTEM32\ColorAdapterClient.dll
0x00007ff82b640000 - 0x00007ff82b70d000 	C:\WINDOWS\System32\OLEAUT32.dll
0x00007ff820b80000 - 0x00007ff820bc3000 	C:\Windows\System32\Windows.Internal.Graphics.Display.DisplayColorManagement.dll
0x00007ff829ee0000 - 0x00007ff829f2e000 	C:\WINDOWS\System32\cfgmgr32.dll
0x00007ff827200000 - 0x00007ff82729e000 	C:\WINDOWS\system32\uxtheme.dll
0x00007ff82bcf0000 - 0x00007ff82be04000 	C:\WINDOWS\System32\MSCTF.dll
0x00007ff823090000 - 0x00007ff823192000 	C:\Windows\System32\AppXDeploymentClient.dll
0x00007fffa2b50000 - 0x00007fffa6de2000 	C:\WINDOWS\System32\DriverStore\FileRepository\nvhmi.inf_amd64_184b88afa6a6387d\nvoglv64.dll
0x00007ff82be40000 - 0x00007ff82c2ae000 	C:\WINDOWS\System32\SETUPAPI.dll
0x00007ff82a070000 - 0x00007ff82a097000 	C:\WINDOWS\System32\bcrypt.dll
0x00007ff82b0e0000 - 0x00007ff82b20b000 	C:\WINDOWS\System32\ole32.dll
0x00007ff8254e0000 - 0x00007ff8254f4000 	C:\WINDOWS\SYSTEM32\WTSAPI32.dll
0x00007ff829780000 - 0x00007ff829792000 	C:\WINDOWS\SYSTEM32\msasn1.dll
0x00007ff817940000 - 0x00007ff817971000 	C:\WINDOWS\SYSTEM32\cryptnet.dll
0x00007ff82a3a0000 - 0x00007ff82a4fd000 	C:\WINDOWS\System32\CRYPT32.dll
0x00007ff815470000 - 0x00007ff8155b8000 	C:\WINDOWS\SYSTEM32\drvstore.dll
0x00007ff829960000 - 0x00007ff829993000 	C:\WINDOWS\SYSTEM32\devobj.dll
0x00007ff829560000 - 0x00007ff82956c000 	C:\WINDOWS\SYSTEM32\cryptbase.dll
0x00007ff829c50000 - 0x00007ff829cb7000 	C:\WINDOWS\System32\WINTRUST.dll
0x00007ff828d30000 - 0x00007ff828d63000 	C:\WINDOWS\SYSTEM32\ntmarta.dll
0x00007ff824e00000 - 0x00007ff824e3b000 	C:\WINDOWS\SYSTEM32\dxcore.dll
0x00007fffc54d0000 - 0x00007fffc57a1000 	C:\WINDOWS\system32\nvspcap64.dll
0x00007ff8273e0000 - 0x00007ff82740f000 	C:\WINDOWS\SYSTEM32\dwmapi.dll
0x00007ff81a2e0000 - 0x00007ff81a3da000 	C:\WINDOWS\SYSTEM32\textinputframework.dll
0x00007ff826700000 - 0x00007ff826a5b000 	C:\WINDOWS\System32\CoreUIComponents.dll
0x00007ff826de0000 - 0x00007ff826ed2000 	C:\WINDOWS\System32\CoreMessaging.dll
0x00007ff825990000 - 0x00007ff825ae5000 	C:\WINDOWS\SYSTEM32\wintypes.dll
0x00007ff823460000 - 0x00007ff8234c6000 	C:\WINDOWS\system32\Oleacc.dll
0x00007ffff8b90000 - 0x00007ffff8bd3000 	C:\WINDOWS\SYSTEM32\icm32.dll
0x00007ff829160000 - 0x00007ff8291ab000 	C:\WINDOWS\SYSTEM32\powrprof.dll
0x00007ff828fd0000 - 0x00007ff828fe2000 	C:\WINDOWS\SYSTEM32\UMPDC.dll
0x00007ff8288a0000 - 0x00007ff8288fb000 	C:\WINDOWS\SYSTEM32\WINSTA.dll
0x00007fffedcf0000 - 0x00007fffede7f000 	C:\Program Files\Java\jdk-18.0.1.1\bin\awt.dll
0x00007ff827060000 - 0x00007ff8270f0000 	C:\WINDOWS\SYSTEM32\apphelp.dll

dbghelp: loaded successfully - version: 4.0.5 - missing functions: none
symbol engine: initialized successfully - sym options: 0x614 - pdb path: .;C:\Program Files\Java\jdk-18.0.1.1\bin;C:\WINDOWS\SYSTEM32;C:\WINDOWS\WinSxS\amd64_microsoft.windows.common-controls_6595b64144ccf1df_6.0.19041.3636_none_60b6a03d71f818d5;C:\Program Files\Java\jdk-18.0.1.1\bin\server;C:\Users\Aidan\Documents\lwjgl-2.9.2\lwjgl-2.9.2\native\windows;C:\WINDOWS\System32\DriverStore\FileRepository\nvhmi.inf_amd64_184b88afa6a6387d

VM Arguments:
jvm_args: -Dfile.encoding=UTF-8 -Djava.library.path=C:\Users\Aidan\Documents\lwjgl-2.9.2\lwjgl-2.9.2\native\windows --module-path=C:\Users\Aidan\Documents\NetBeansProjects\CS4450-Final-Project\build\classes 
java_command: finalprogram.FinalProgram
java_class_path (initial): C:\Users\Aidan\Documents\lwjgl-2.9.2\lwjgl-2.9.2\jar\lwjgl.jar;C:\Users\Aidan\Documents\lwjgl-2.9.2\lwjgl-2.9.2\jar\lwjgl_util.jar;C:\Users\Aidan\Documents\lwjgl-2.9.2\lwjgl-2.9.2\jar\jinput.jar;C:\Users\Aidan\Documents\slick-util.jar;C:\Users\Aidan\Documents\NetBeansProjects\CS4450-Final-Project\build\classes
Launcher Type: SUN_STANDARD

[Global flags]
     intx CICompilerCount                          = 4                                         {product} {ergonomic}
     uint ConcGCThreads                            = 2                                         {product} {ergonomic}
     uint G1ConcRefinementThreads                  = 8                                         {product} {ergonomic}
   size_t G1HeapRegionSize                         = 4194304                                   {product} {ergonomic}
    uintx GCDrainStackTargetSize                   = 64                                        {product} {ergonomic}
   size_t InitialHeapSize                          = 536870912                                 {product} {ergonomic}
   size_t MarkStackSize                            = 4194304                                   {product} {ergonomic}
   size_t MaxHeapSize                              = 8552185856                                {product} {ergonomic}
   size_t MaxNewSize                               = 5129633792                                {product} {ergonomic}
   size_t MinHeapDeltaBytes                        = 4194304                                   {product} {ergonomic}
   size_t MinHeapSize                              = 8388608                                   {product} {ergonomic}
    uintx NonNMethodCodeHeapSize                   = 5839372                                {pd product} {ergonomic}
    uintx NonProfiledCodeHeapSize                  = 122909434                              {pd product} {ergonomic}
    uintx ProfiledCodeHeapSize                     = 122909434                              {pd product} {ergonomic}
    uintx ReservedCodeCacheSize                    = 251658240                              {pd product} {ergonomic}
     bool SegmentedCodeCache                       = true                                      {product} {ergonomic}
   size_t SoftMaxHeapSize                          = 8552185856                             {manageable} {ergonomic}
     bool UseCompressedClassPointers               = true                           {product lp64_product} {ergonomic}
     bool UseCompressedOops                        = true                           {product lp64_product} {ergonomic}
     bool UseG1GC                                  = true                                      {product} {ergonomic}
     bool UseLargePagesIndividualAllocation        = false                                  {pd product} {ergonomic}

Logging:
Log output configuration:
 #0: stdout all=warning uptime,level,tags foldmultilines=false
 #1: stderr all=off uptime,level,tags foldmultilines=false

Environment Variables:
PATH=C:\Program Files\Common Files\Oracle\Java\javapath;C:\Program Files (x86)\Common Files\Oracle\Java\javapath;C:\windows\system32;C:\windows;C:\windows\System32\Wbem;C:\windows\System32\WindowsPowerShell\v1.0\;C:\windows\System32\OpenSSH\;C:\Program Files (x86)\NVIDIA Corporation\PhysX\Common;C:\Program Files\NVIDIA Corporation\NVIDIA NvDLISR;C:\WINDOWS\system32;C:\WINDOWS;C:\WINDOWS\System32\Wbem;C:\WINDOWS\System32\WindowsPowerShell\v1.0\;C:\WINDOWS\System32\OpenSSH\;C:\Program Files\Git\cmd;C:\Program Files\PuTTY\;C:\Program Files\CMake\bin;C:\Program Files\dotnet\;C:\Users\Aidan\AppData\Local\Programs\Python\Python311\Scripts\;C:\Users\Aidan\AppData\Local\Programs\Python\Python311\;C:\Users\Aidan\AppData\Local\Microsoft\WindowsApps;C:\Users\Aidan\AppData\Local\Programs\Microsoft VS Code\bin;C:\msys64\mingw64\bin;C:\Users\Aidan\AppData\Local\GitHubDesktop\bin;C:\Users\Aidan\AppData\Local\Programs\MiKTeX\miktex\bin\x64\;C:\Users\Aidan\.dotnet\tools
USERNAME=Aidan
OS=Windows_NT
PROCESSOR_IDENTIFIER=Intel64 Family 6 Model 158 Stepping 13, GenuineIntel



---------------  S Y S T E M  ---------------

OS:
 Windows 10 , 64 bit Build 19041 (10.0.19041.3636)
OS uptime: 2 days 7:56 hours

CPU: total 8 (initial active 8) (4 cores per cpu, 2 threads per core) family 6 model 158 stepping 13 microcode 0xf0, cx8, cmov, fxsr, ht, mmx, 3dnowpref, sse, sse2, sse3, ssse3, sse4.1, sse4.2, popcnt, lzcnt, tsc, tscinvbit, avx, avx2, aes, erms, clmul, bmi1, bmi2, adx, fma, vzeroupper, clflush, clflushopt

Memory: 4k page, system-wide physical 32609M (23236M free)
TotalPageFile size 48577M (AvailPageFile size 34852M)
current process WorkingSet (physical memory assigned to process): 1911M, peak: 1912M
current process commit charge ("private bytes"): 3374M, peak: 3374M

vm_info: Java HotSpot(TM) 64-Bit Server VM (18.0.1.1+2-6) for windows-amd64 JRE (18.0.1.1+2-6), built on Apr 25 2022 21:53:15 by "mach5one" with MS VC++ 16.8 / 16.9 (VS2019)

END.
